<?xml version="1.0" encoding="UTF-8"?>
<!-- Generated by org.testng.reporters.JUnitReportReporter -->
<testsuite skipped="0" hostname="DESKTOP-888A2JB" name="KeywordsPractice.DependsonMethodExample" tests="3" failures="0" timestamp="2022-05-05T08:26:11 IST" time="0.019" errors="0">
  <testcase name="openurl" time="0.015" classname="KeywordsPractice.DependsonMethodExample"/>
  <testcase name="login" time="0.002" classname="KeywordsPractice.DependsonMethodExample"/>
  <testcase name="logout" time="0.002" classname="KeywordsPractice.DependsonMethodExample"/>
</testsuite> <!-- KeywordsPractice.DependsonMethodExample -->
