<?xml version="1.0" encoding="UTF-8"?>
<!-- Generated by org.testng.reporters.JUnitReportReporter -->
<testsuite skipped="1" hostname="DESKTOP-888A2JB" name="KeywordsPractice.EnabledFalseExample" tests="2" failures="0" timestamp="2022-05-05T08:51:06 IST" time="0.012" errors="0">
  <testcase name="HomepageTest" time="0.012" classname="KeywordsPractice.EnabledFalseExample"/>
  <testcase name="ProfilePageTest" classname="KeywordsPractice.EnabledFalseExample">
    <skipped/>
  </testcase> <!-- ProfilePageTest -->
</testsuite> <!-- KeywordsPractice.EnabledFalseExample -->
