<?xml version="1.0" encoding="UTF-8"?>
<!-- Generated by org.testng.reporters.JUnitReportReporter -->
<testsuite skipped="0" hostname="DESKTOP-888A2JB" name="GroupingPractice.TestCase2" tests="3" failures="0" timestamp="2022-05-06T09:03:07 IST" time="0.006" errors="0">
  <testcase name="Test4" time="0.001" classname="GroupingPractice.TestCase2"/>
  <testcase name="Test5" time="0.003" classname="GroupingPractice.TestCase2"/>
  <testcase name="Test6" time="0.002" classname="GroupingPractice.TestCase2"/>
</testsuite> <!-- GroupingPractice.TestCase2 -->
