<?xml version="1.0" encoding="UTF-8"?>
<!-- Generated by org.testng.reporters.JUnitReportReporter -->
<testsuite skipped="0" hostname="DESKTOP-888A2JB" name="GroupingPractice.TestCase3" tests="3" failures="0" timestamp="2022-05-06T09:03:07 IST" time="0.018" errors="0">
  <testcase name="Test8" time="0.002" classname="GroupingPractice.TestCase3"/>
  <testcase name="Test7" time="0.007" classname="GroupingPractice.TestCase3"/>
  <testcase name="Test9" time="0.009" classname="GroupingPractice.TestCase3"/>
</testsuite> <!-- GroupingPractice.TestCase3 -->
