<?xml version="1.0" encoding="UTF-8"?>
<!-- Generated by org.testng.reporters.JUnitReportReporter -->
<testsuite skipped="0" hostname="DESKTOP-888A2JB" name="KeywordsPractice.InvocationCountPractice" tests="6" failures="0" timestamp="2022-05-06T08:14:58 IST" time="0.100" errors="0">
  <testcase name="HomepageTest" time="0.041" classname="KeywordsPractice.InvocationCountPractice"/>
  <testcase name="ProfilePageTest" time="0.005" classname="KeywordsPractice.InvocationCountPractice"/>
  <testcase name="ProfilePageTest" time="0.014" classname="KeywordsPractice.InvocationCountPractice"/>
  <testcase name="ProfilePageTest" time="0.009" classname="KeywordsPractice.InvocationCountPractice"/>
  <testcase name="ProfilePageTest" time="0.022" classname="KeywordsPractice.InvocationCountPractice"/>
  <testcase name="ProfilePageTest" time="0.009" classname="KeywordsPractice.InvocationCountPractice"/>
</testsuite> <!-- KeywordsPractice.InvocationCountPractice -->
