<?xml version="1.0" encoding="UTF-8"?>
<!-- Generated by org.testng.reporters.JUnitReportReporter -->
<testsuite skipped="0" hostname="DESKTOP-888A2JB" name="TestAnotationPractice.TestCase3" tests="3" failures="0" timestamp="2022-05-04T08:45:38 IST" time="0.007" errors="0">
  <testcase name="m1" time="0.004" classname="TestAnotationPractice.TestCase3"/>
  <testcase name="m2" time="0.001" classname="TestAnotationPractice.TestCase3"/>
  <testcase name="m3" time="0.002" classname="TestAnotationPractice.TestCase3"/>
</testsuite> <!-- TestAnotationPractice.TestCase3 -->
