<?xml version="1.0" encoding="UTF-8"?>
<!-- Generated by org.testng.reporters.JUnitReportReporter -->
<testsuite skipped="0" hostname="DESKTOP-888A2JB" name="TestAnotationPractice.TestCase1" tests="3" failures="0" timestamp="2022-05-04T08:45:38 IST" time="0.021" errors="0">
  <testcase name="m1" time="0.012" classname="TestAnotationPractice.TestCase1"/>
  <testcase name="m2" time="0.002" classname="TestAnotationPractice.TestCase1"/>
  <testcase name="m3" time="0.007" classname="TestAnotationPractice.TestCase1"/>
</testsuite> <!-- TestAnotationPractice.TestCase1 -->
