<?xml version="1.0" encoding="UTF-8"?>
<!-- Generated by org.testng.reporters.JUnitReportReporter -->
<testsuite skipped="0" hostname="DESKTOP-888A2JB" name="TestAnotationPractice.TestCase2" tests="3" failures="0" timestamp="2022-05-04T08:45:38 IST" time="0.011" errors="0">
  <testcase name="m4" time="0.004" classname="TestAnotationPractice.TestCase2"/>
  <testcase name="m5" time="0.003" classname="TestAnotationPractice.TestCase2"/>
  <testcase name="m6" time="0.004" classname="TestAnotationPractice.TestCase2"/>
</testsuite> <!-- TestAnotationPractice.TestCase2 -->
