<?xml version="1.0" encoding="UTF-8"?>
<!-- Generated by org.testng.reporters.JUnitReportReporter -->
<testsuite skipped="0" hostname="DESKTOP-888A2JB" name="Pom_PagefactoryPractice.RegistrationTest" tests="2" failures="0" timestamp="2022-05-13T08:42:44 IST" time="17.124" errors="0">
  <testcase name="FacebookRegistrationPageTest_Negative" time="9.185" classname="Pom_PagefactoryPractice.RegistrationTest"/>
  <testcase name="FacebookRegistrationPageTest_Positive" time="7.939" classname="Pom_PagefactoryPractice.RegistrationTest"/>
</testsuite> <!-- Pom_PagefactoryPractice.RegistrationTest -->
