<?xml version="1.0" encoding="UTF-8"?>
<!-- Generated by org.testng.reporters.JUnitReportReporter -->
<testsuite skipped="0" hostname="DESKTOP-888A2JB" name="Parameterization_CrossBrowser.AllBrowserTesting" tests="14" failures="0" timestamp="2022-05-11T08:57:12 IST" time="22.672" errors="0">
  <testcase name="CrossBrowserTesting" time="11.323" classname="Parameterization_CrossBrowser.AllBrowserTesting"/>
  <testcase name="CrossBrowserTesting" time="5.271" classname="Parameterization_CrossBrowser.AllBrowserTesting"/>
  <testcase name="verifyCurrentUrl" time="0.011" classname="Parameterization_CrossBrowser.AllBrowserTesting"/>
  <testcase name="verifyCurrentUrl" time="0.029" classname="Parameterization_CrossBrowser.AllBrowserTesting"/>
  <testcase name="verifyPageTitle" time="0.013" classname="Parameterization_CrossBrowser.AllBrowserTesting"/>
  <testcase name="verifyPageTitle" time="0.037" classname="Parameterization_CrossBrowser.AllBrowserTesting"/>
  <testcase name="verifyUsernameField" time="0.198" classname="Parameterization_CrossBrowser.AllBrowserTesting"/>
  <testcase name="verifyUsernameField" time="1.451" classname="Parameterization_CrossBrowser.AllBrowserTesting"/>
  <testcase name="verifyPasswordField" time="0.212" classname="Parameterization_CrossBrowser.AllBrowserTesting"/>
  <testcase name="verifyPasswordField" time="0.422" classname="Parameterization_CrossBrowser.AllBrowserTesting"/>
  <testcase name="clickLoginButton" time="0.221" classname="Parameterization_CrossBrowser.AllBrowserTesting"/>
  <testcase name="clickLoginButton" time="0.986" classname="Parameterization_CrossBrowser.AllBrowserTesting"/>
  <testcase name="teardown" time="1.454" classname="Parameterization_CrossBrowser.AllBrowserTesting"/>
  <testcase name="teardown" time="1.044" classname="Parameterization_CrossBrowser.AllBrowserTesting"/>
</testsuite> <!-- Parameterization_CrossBrowser.AllBrowserTesting -->
