<?xml version="1.0" encoding="UTF-8"?>
<!-- Generated by org.testng.reporters.JUnitReportReporter -->
<testsuite skipped="0" hostname="DESKTOP-888A2JB" name="TestNGBasics.MethodAnotationsPractice" tests="3" failures="0" timestamp="2022-05-02T08:27:37 IST" time="0.021" errors="0">
  <testcase name="profilepage" time="0.007" classname="TestNGBasics.MethodAnotationsPractice"/>
  <testcase name="homepage" time="0.005" classname="TestNGBasics.MethodAnotationsPractice"/>
  <testcase name="notificationpage" time="0.009" classname="TestNGBasics.MethodAnotationsPractice"/>
</testsuite> <!-- TestNGBasics.MethodAnotationsPractice -->
