<?xml version="1.0" encoding="UTF-8"?>
<!-- Generated by org.testng.reporters.JUnitReportReporter -->
<testsuite skipped="0" hostname="DESKTOP-888A2JB" name="KeywordsPractice.timeoutsExample" tests="6" failures="0" timestamp="2022-05-05T08:58:20 IST" time="4.058" errors="0">
  <testcase name="HomepageTest" time="4.032" classname="KeywordsPractice.timeoutsExample"/>
  <testcase name="ProfilePageTest" time="0.004" classname="KeywordsPractice.timeoutsExample"/>
  <testcase name="ProfilePageTest" time="0.004" classname="KeywordsPractice.timeoutsExample"/>
  <testcase name="ProfilePageTest" time="0.005" classname="KeywordsPractice.timeoutsExample"/>
  <testcase name="ProfilePageTest" time="0.004" classname="KeywordsPractice.timeoutsExample"/>
  <testcase name="ProfilePageTest" time="0.009" classname="KeywordsPractice.timeoutsExample"/>
</testsuite> <!-- KeywordsPractice.timeoutsExample -->
