<?xml version="1.0" encoding="UTF-8"?>
<!-- Generated by org.testng.reporters.JUnitReportReporter -->
<testsuite skipped="0" hostname="DESKTOP-888A2JB" name="KeywordsPractice.InvocationCountWithThreadpoolsize" tests="5" failures="0" timestamp="2022-05-06T08:30:44 IST" time="149.615" errors="0">
  <testcase name="openBrowser" time="27.482" classname="KeywordsPractice.InvocationCountWithThreadpoolsize"/>
  <testcase name="openBrowser" time="30.776" classname="KeywordsPractice.InvocationCountWithThreadpoolsize"/>
  <testcase name="openBrowser" time="30.158" classname="KeywordsPractice.InvocationCountWithThreadpoolsize"/>
  <testcase name="openBrowser" time="30.430" classname="KeywordsPractice.InvocationCountWithThreadpoolsize"/>
  <testcase name="openBrowser" time="30.769" classname="KeywordsPractice.InvocationCountWithThreadpoolsize"/>
</testsuite> <!-- KeywordsPractice.InvocationCountWithThreadpoolsize -->
