<?xml version="1.0" encoding="UTF-8"?>
<!-- Generated by org.testng.reporters.JUnitReportReporter -->
<testsuite skipped="0" hostname="DESKTOP-888A2JB" name="TestNGBasics.IntroductionToTestNG" tests="3" failures="0" timestamp="2022-04-30T10:32:39 IST" time="0.030" errors="0">
  <testcase name="openurl" time="0.019" classname="TestNGBasics.IntroductionToTestNG"/>
  <testcase name="login" time="0.007" classname="TestNGBasics.IntroductionToTestNG"/>
  <testcase name="logout" time="0.004" classname="TestNGBasics.IntroductionToTestNG"/>
</testsuite> <!-- TestNGBasics.IntroductionToTestNG -->
