<?xml version="1.0" encoding="UTF-8"?>
<!-- Generated by org.testng.reporters.JUnitReportReporter -->
<testsuite skipped="0" hostname="DESKTOP-888A2JB" name="TestNGBasics.ClassAnotationPractice" tests="3" failures="0" timestamp="2022-05-04T08:46:47 IST" time="0.020" errors="0">
  <testcase name="profilepage" time="0.015" classname="TestNGBasics.ClassAnotationPractice"/>
  <testcase name="homepage" time="0.003" classname="TestNGBasics.ClassAnotationPractice"/>
  <testcase name="notificationpage" time="0.002" classname="TestNGBasics.ClassAnotationPractice"/>
</testsuite> <!-- TestNGBasics.ClassAnotationPractice -->
