<?xml version="1.0" encoding="UTF-8"?>
<!-- Generated by org.testng.reporters.JUnitReportReporter -->
<testsuite skipped="0" hostname="DESKTOP-888A2JB" name="GroupingPractice.TestCase1" tests="3" failures="0" timestamp="2022-05-06T09:03:07 IST" time="0.009" errors="0">
  <testcase name="Test2" time="0.001" classname="GroupingPractice.TestCase1"/>
  <testcase name="Test1" time="0.007" classname="GroupingPractice.TestCase1"/>
  <testcase name="Test3" time="0.001" classname="GroupingPractice.TestCase1"/>
</testsuite> <!-- GroupingPractice.TestCase1 -->
